SF:lib\features\register\data\models\city_model.dart
DA:4,4
DA:6,1
DA:7,2
DA:10,0
DA:11,0
LF:5
LH:3
end_of_record
SF:lib\features\register\data\models\state_model.dart
DA:4,2
DA:5,2
DA:11,1
DA:12,1
DA:13,1
DA:14,1
DA:15,1
DA:18,0
DA:19,0
LF:9
LH:7
end_of_record
SF:lib\features\register\data\repositories\get_city_repository.dart
DA:7,1
DA:9,1
DA:11,2
LF:3
LH:3
end_of_record
SF:lib\features\register\data\repositories\get_state_repository.dart
DA:8,1
DA:9,1
DA:11,2
LF:3
LH:3
end_of_record
SF:lib\features\register\data\http_client\i_http_client.dart
DA:11,3
LF:1
LH:1
end_of_record
SF:lib\features\register\domain\entities\client_entity.dart
DA:5,0
DA:16,3
DA:22,3
LF:3
LH:2
end_of_record
SF:lib\features\register\domain\usecases\get_city_usecase.dart
DA:10,1
DA:11,1
DA:13,2
LF:3
LH:3
end_of_record
SF:lib\features\register\domain\usecases\get_state_usecase.dart
DA:10,1
DA:11,1
DA:13,2
LF:3
LH:3
end_of_record
SF:lib\features\register\infra\datasource\get_city_datasource.dart
DA:8,1
DA:10,1
DA:12,2
DA:13,2
DA:14,2
DA:15,4
DA:17,0
LF:7
LH:6
end_of_record
SF:lib\features\register\infra\datasource\get_state_datasource.dart
DA:8,1
DA:9,1
DA:11,2
DA:12,2
DA:13,2
DA:14,4
DA:16,0
LF:7
LH:6
end_of_record
SF:lib\features\register\infra\dependency_injection\dependency_injector.dart
DA:6,0
DA:7,0
DA:8,0
DA:13,0
DA:17,0
DA:19,0
DA:20,0
DA:22,0
DA:24,0
DA:27,0
DA:39,0
DA:42,0
DA:43,0
DA:44,0
DA:45,0
DA:47,0
LF:16
LH:0
end_of_record
SF:lib\features\register\infra\dependency_injection\injector.dart
DA:8,0
DA:9,0
DA:11,0
DA:14,0
DA:15,0
DA:16,0
DA:17,0
DA:18,0
DA:19,0
DA:22,0
DA:23,0
DA:24,0
DA:25,0
DA:26,0
DA:27,0
DA:29,0
DA:31,0
DA:32,0
DA:33,0
DA:35,0
LF:20
LH:0
end_of_record
SF:lib\features\register\infra\http_client\http_adapter.dart
DA:7,1
DA:11,1
DA:12,3
DA:13,3
DA:16,1
DA:20,3
DA:21,3
LF:7
LH:7
end_of_record
SF:lib\features\register\presenter\cubit\register_state.dart
DA:4,0
DA:8,0
DA:9,0
DA:15,0
DA:17,0
DA:18,0
DA:24,0
DA:26,0
DA:27,0
DA:33,0
DA:35,0
DA:36,0
LF:12
LH:0
end_of_record
SF:lib\features\register\presenter\cubit\register_cubit.dart
DA:10,0
DA:11,0
DA:13,0
DA:15,0
DA:16,0
DA:17,0
DA:18,0
DA:22,0
DA:24,0
DA:25,0
DA:26,0
DA:27,0
LF:12
LH:0
end_of_record
SF:lib\features\register\presenter\cubit\internet_state.dart
DA:4,3
DA:6,0
DA:7,0
DA:11,0
DA:12,0
DA:18,3
DA:20,0
DA:21,0
DA:25,0
DA:26,0
LF:10
LH:2
end_of_record
SF:lib\features\register\presenter\cubit\internet_cubit.dart
DA:13,0
DA:15,0
DA:17,0
DA:18,0
DA:19,0
DA:20,0
DA:21,0
DA:22,0
DA:23,0
DA:24,0
DA:25,0
DA:26,0
DA:28,0
DA:34,0
DA:35,0
LF:15
LH:0
end_of_record
SF:lib\features\register\presenter\pages\city_page.dart
DA:11,0
DA:13,0
DA:14,0
DA:21,0
DA:23,0
DA:24,0
DA:27,0
DA:29,0
DA:31,0
DA:32,0
DA:37,0
DA:38,0
DA:39,0
DA:43,0
DA:44,0
DA:45,0
DA:46,0
DA:50,0
DA:53,0
DA:54,0
DA:55,0
DA:56,0
DA:57,0
DA:59,0
DA:61,0
DA:63,0
DA:64,0
DA:65,0
LF:28
LH:0
end_of_record
SF:lib\features\register\presenter\pages\client_page.dart
DA:9,0
DA:13,0
DA:14,0
DA:18,0
DA:20,0
DA:22,0
DA:23,0
DA:24,0
DA:26,0
DA:29,0
DA:30,0
DA:32,0
DA:44,0
DA:45,0
DA:48,0
DA:49,0
DA:52,0
DA:53,0
DA:54,0
LF:19
LH:0
end_of_record
SF:lib\features\register\presenter\pages\state_page.dart
DA:8,0
DA:14,0
DA:15,0
DA:21,0
DA:23,0
DA:24,0
DA:27,0
DA:29,0
DA:30,0
DA:33,0
DA:35,0
DA:36,0
DA:37,0
DA:42,0
DA:43,0
DA:44,0
DA:45,0
DA:46,0
DA:47,0
DA:48,0
DA:50,0
DA:54,0
DA:55,0
DA:56,0
DA:57,0
DA:58,0
DA:60,0
DA:61,0
DA:62,0
DA:63,0
DA:67,0
DA:68,0
DA:69,0
DA:70,0
LF:34
LH:0
end_of_record
SF:lib\features\register\presenter\pages\splashpage.dart
DA:6,0
DA:8,0
DA:9,0
DA:13,0
DA:16,0
DA:17,0
DA:18,0
DA:21,0
DA:23,0
DA:24,0
DA:25,0
DA:26,0
DA:28,0
DA:30,0
DA:31,0
DA:32,0
LF:16
LH:0
end_of_record
SF:lib\features\register\presenter\pages\widgets\alert_dialog.dart
DA:11,0
DA:17,0
DA:18,0
DA:20,0
DA:22,0
DA:23,0
DA:24,0
DA:25,0
DA:26,0
DA:27,0
DA:31,0
DA:32,0
LF:12
LH:0
end_of_record
SF:lib\features\register\presenter\pages\widgets\city_list_tile_widget.dart
DA:9,0
DA:20,0
DA:22,0
DA:23,0
DA:26,0
DA:27,0
DA:28,0
DA:29,0
DA:32,0
DA:33,0
DA:36,0
DA:38,0
LF:12
LH:0
end_of_record
SF:lib\features\register\presenter\pages\widgets\list_container.dart
DA:8,0
DA:17,0
DA:19,0
DA:20,0
DA:22,0
DA:25,0
DA:26,0
DA:27,0
DA:28,0
DA:30,0
DA:31,0
DA:37,0
DA:48,0
DA:50,0
DA:51,0
DA:53,0
DA:56,0
DA:57,0
DA:58,0
DA:59,0
DA:61,0
DA:62,0
LF:22
LH:0
end_of_record
SF:lib\features\register\presenter\pages\widgets\state_list_tile_widget.dart
DA:8,0
DA:16,0
DA:18,0
DA:21,0
DA:24,0
DA:25,0
DA:26,0
DA:27,0
DA:28,0
DA:29,0
DA:30,0
DA:32,0
DA:35,0
DA:37,0
LF:14
LH:0
end_of_record
